1570475764446	mozrunner::runner	INFO	Running command: "C:\\Program Files (x86)\\Mozilla Firefox\\firefox.exe" "-marionette" "-foreground" "-no-remote" "-profile" "C:\\Users\\RAJKAM~1\\AppData\\Local\\Temp\\rust_mozprofilezsNSZd"
1570475766079	addons.webextension.screenshots@mozilla.org	WARN	Loading extension 'screenshots@mozilla.org': Reading manifest: Invalid extension permission: mozillaAddons
1570475766079	addons.webextension.screenshots@mozilla.org	WARN	Loading extension 'screenshots@mozilla.org': Reading manifest: Invalid extension permission: telemetry
1570475766079	addons.webextension.screenshots@mozilla.org	WARN	Loading extension 'screenshots@mozilla.org': Reading manifest: Invalid extension permission: resource://pdf.js/
1570475766080	addons.webextension.screenshots@mozilla.org	WARN	Loading extension 'screenshots@mozilla.org': Reading manifest: Invalid extension permission: about:reader*
JavaScript error: resource://gre/modules/XULStore.jsm, line 66: Error: Can't find profile directory.
1570475773637	Marionette	INFO	Listening on port 58692
1570475774121	Marionette	WARN	TLS certificate errors will be ignored for this session
1570475776767	Marionette	INFO	Stopped listening on port 58692
[Child 13644, Chrome_ChildThread] WARNING: pipe error: 109: file z:/task_1569974145/build/src/ipc/chromium/src/chrome/common/ipc_channel_win.cc, line 341
[Child 13644, Chrome_ChildThread] WAR[Parent 9604, Gecko_IOThread] WARNING: pipe error: 109: file z:/task_1569974145/build/src/ipc/chromium/src/chrome/common/ipc_channel_win.cc, line 341
JavaScript error: resource://gre/modules/UrlClassifierListManager.jsm, line 680: TypeError: this.tablesData[table] is undefined
[Child 10776, Chrome_ChildThread] WARNING: pipe error: 109: file z:/task_1569974145/build/src/ipc/chromium/src/chrome/common/ipc_channel_win.cc, line 341
[Child 10776[Parent 9604, Gecko_IOThread] WARNING: pipe error: 109: file z:/task_1569974145/build/src/ipc/chromium/src/chrome/common/ipc_channel_win.cc, line 341
[Child 7720, Chrome_ChildThread] WARNING: pipe error: 109: file z:/task_1569974145/build/src/ipc/chromium/src/chrome/common/ipc_channel_win.cc, line 341
[Child [GPU 135
###!!! [Child][RunMessage] Error: Channel closing: too late to send/recv, messages will be lost


###!!! [Child][MessageChannel::SendAndWait] Error: Channel error: cannot send/recv

1570475907420	mozrunner::runner	INFO	Running command: "C:\\Program Files (x86)\\Mozilla Firefox\\firefox.exe" "-marionette" "-foreground" "-no-remote" "-profile" "C:\\Users\\RAJKAM~1\\AppData\\Local\\Temp\\rust_mozprofileyF98qC"
1570475908273	addons.webextension.screenshots@mozilla.org	WARN	Loading extension 'screenshots@mozilla.org': Reading manifest: Invalid extension permission: mozillaAddons
1570475908273	addons.webextension.screenshots@mozilla.org	WARN	Loading extension 'screenshots@mozilla.org': Reading manifest: Invalid extension permission: telemetry
1570475908273	addons.webextension.screenshots@mozilla.org	WARN	Loading extension 'screenshots@mozilla.org': Reading manifest: Invalid extension permission: resource://pdf.js/
1570475908273	addons.webextension.screenshots@mozilla.org	WARN	Loading extension 'screenshots@mozilla.org': Reading manifest: Invalid extension permission: about:reader*
JavaScript error: resource://gre/modules/XULStore.jsm, line 66: Error: Can't find profile directory.
[Parent 8256, Gecko_IOThread] WARNING: pipe error: 109: file z:/task_1569974145/build/src/ipc/chromium/src/chrome/common/ipc_channel_win.cc, line 341
[Child 12500, Chrome_ChildThread] WARNING: pipe error: 109: file z:/task_1569974145/build/src/ipc/chromium/src/chrome/common/ipc_channel_win.cc, line 341
[Child 12console.error: "Could not write session state file " (new Error("_initWorker called too early! Please read the session file from disk first.", "resource:///modules/sessionstore/SessionFile.jsm", 375)) "_initWorker/<@resource:///modules/sessionstore/SessionFile.jsm:375:15\n_initWorker@resource:///modules/sessionstore/SessionFile.jsm:368:12\n_postToWorker@resource:///modules/sessionstore/SessionFile.jsm:410:16\nwrite@resource:///modules/sessionstore/SessionFile.jsm:448:24\nwrite@resource:///modules/sessionstore/SessionFile.jsm:75:32\n_writeState@resource:///modules/sessionstore/SessionSaver.jsm:360:24\n_saveState@resource:///modules/sessionstore/SessionSaver.jsm:294:17\n_saveStateAsync@resource:///modules/sessionstore/SessionSaver.jsm:344:10\nsaveStateAsyncWhenIdle@resource:///modules/sessionstore/SessionSaver.jsm:191:14\ncallback@resource://gre/modules/Timer.jsm:125:7\n"
1570475915786	Marionette	INFO	Listening on port 58796
1570475915863	Marionette	WARN	TLS certificate errors will be ignored for this session
1570475917702	Marionette	INFO	Stopped listening on port 58796
JavaScript error: resource://activity-stream/lib/ActivityStreamPrefs.jsm, line 27: NS_ERROR_ILLEGAL_VALUE: Component returned failure code: 0x80070057 (NS_ERROR_ILLEGAL_VALUE) [nsIPrefBranch.removeObserver]
[Child 12152, Chrome_ChildThread] WARNING: pipe error: 109: file z:/task_1569974145/build/src/ipc/chromium/src/chrome/common/ipc_channel_win.cc, line 341
[Child 1215[Child 14364, Chrome_ChildThread] WARNING: pipe error: 109: file z:/task_1569974145/build/src/ipc/chromium/src/chrome/common/ipc_channel_win.cc, line 341
[Child 1JavaScript error: resource://gre/modules/UrlClassifierListManager.jsm, line 680: TypeError: this.tablesData[table] is undefined
[Parent 8256, Gecko_IOThread] WARNING: pipe error: 109: file z:/task_1569974145/build/src/ipc/chromium/src/chrome/common/ipc_channel_win.cc, line 341
[Child 14744, Chrome_ChildThread] WARNING: pipe error: 109: file z:/task_1569974145/build/src/ipc/chromium/src/chrome/common/ipc_channel_win.cc, line 341
[Child 14[GPU 8
###!!! [Child][RunMessage] Error: Channel closing: too late to send/recv, messages will be lost

4
###!!! [Child][MessageChannel::SendAndWait] Error: Channel error: cannot send/recv

